0 info it worked if it ends with ok
1 verbose cli [ '/usr/bin/node', '/usr/bin/npm', 'run', 'jshint' ]
2 info using npm@1.4.29
3 info using node@v0.10.41
4 warn deprecated This version of npm lacks support for important features,
5 warn deprecated such as scoped packages, offered by the primary npm
6 warn deprecated registry. Consider upgrading to at least npm@2, if not the
7 warn deprecated latest stable version. To upgrade to npm@2, run:
8 warn deprecated npm -g install npm@latest-2
9 warn deprecated To upgrade to the latest stable version, run:
10 warn deprecated npm -g install npm@latest
11 warn deprecated (Depending on how Node.js was installed on your system, you
12 warn deprecated may need to prefix the preceding commands with `sudo`, or if
13 warn deprecated on Windows, run them from an Administrator prompt.)
14 warn deprecated If you're running the version of npm bundled with
15 warn deprecated Node.js 0.10 LTS, be aware that the next version of 0.10 LTS
16 warn deprecated will be bundled with a version of npm@2, which has some small
17 warn deprecated backwards-incompatible changes made to `npm run-script` and
18 warn deprecated semver behavior.
19 verbose run-script [ 'prejshint', 'jshint', 'postjshint' ]
20 info prejshint ringpop@10.13.3
21 info jshint ringpop@10.13.3
22 verbose unsafe-perm in lifecycle true
23 info ringpop@10.13.3 Failed to exec jshint script
24 error ringpop@10.13.3 jshint: `jshint --verbose *.js lib/**/*.js scripts/*.js server/**/*.js`
24 error Exit status 2
25 error Failed at the ringpop@10.13.3 jshint script.
25 error This is most likely a problem with the ringpop package,
25 error not with npm itself.
25 error Tell the author that this fails on your system:
25 error     jshint --verbose *.js lib/**/*.js scripts/*.js server/**/*.js
25 error You can get their info via:
25 error     npm owner ls ringpop
25 error There is likely additional logging output above.
26 error System Linux 4.1.13-19.31.amzn1.x86_64
27 error command "/usr/bin/node" "/usr/bin/npm" "run" "jshint"
28 error cwd /home/ec2-user/SimpleUber
29 error node -v v0.10.41
30 error npm -v 1.4.29
31 error code ELIFECYCLE
32 verbose exit [ 1, true ]
